<?xml version="1.0" encoding="UTF-8"?>
<!-- Generated by org.testng.reporters.JUnitReportReporter -->
<testsuite hostname="DESKTOP-MBTCP5V" name="tests.NewTest" tests="1" failures="0" timestamp="3 Nov 2018 13:39:48 GMT" time="0.006" errors="0">
  <testcase name="openMyBlog" time="0.006" classname="tests.NewTest"/>
</testsuite> <!-- tests.NewTest -->
